# JRE version: OpenJDK Runtime Environment (8.0_111-b14) (build 1.8.0_111-8u111-b14-2ubuntu0.16.04.2-b14)
# Java VM: OpenJDK 64-Bit Server VM (25.111-b14 mixed mode linux-amd64 compressed oops)
Heap:
 PSYoungGen      total 16896K, used 11209K [0x00000000ed600000, 0x00000000ef700000, 0x0000000100000000)
  eden space 14848K, 61% used [0x00000000ed600000,0x00000000edef2530,0x00000000ee480000)
  from space 2048K, 100% used [0x00000000ee680000,0x00000000ee880000,0x00000000ee880000)
  to   space 2048K, 0% used [0x00000000ee480000,0x00000000ee480000,0x00000000ee680000)
 ParOldGen       total 38400K, used 7657K [0x00000000c8200000, 0x00000000ca780000, 0x00000000ed600000)
  object space 38400K, 19% used [0x00000000c8200000,0x00000000c897a478,0x00000000ca780000)
 Metaspace       used 20265K, capacity 20461K, committed 20864K, reserved 1067008K
  class space    used 2233K, capacity 2318K, committed 2432K, reserved 1048576K
GC Heap History (4 events):
Event: 1,057 GC heap before
{Heap before GC invocations=1 (full 0):
 PSYoungGen      total 16896K, used 14848K [0x00000000ed600000, 0x00000000ee880000, 0x0000000100000000)
  eden space 14848K, 100% used [0x00000000ed600000,0x00000000ee480000,0x00000000ee480000)
  from space 2048K, 0% used [0x00000000ee680000,0x00000000ee680000,0x00000000ee880000)
  to   space 2048K, 0% used [0x00000000ee480000,0x00000000ee480000,0x00000000ee680000)
 ParOldGen       total 38400K, used 0K [0x00000000c8200000, 0x00000000ca780000, 0x00000000ed600000)
  object space 38400K, 0% used [0x00000000c8200000,0x00000000c8200000,0x00000000ca780000)
 Metaspace       used 14019K, capacity 14235K, committed 14464K, reserved 1062912K
  class space    used 1544K, capacity 1633K, committed 1664K, reserved 1048576K
Event: 1,064 GC heap after
Heap after GC invocations=1 (full 0):
 PSYoungGen      total 16896K, used 2031K [0x00000000ed600000, 0x00000000ee880000, 0x0000000100000000)
  eden space 14848K, 0% used [0x00000000ed600000,0x00000000ed600000,0x00000000ee480000)
  from space 2048K, 99% used [0x00000000ee480000,0x00000000ee67bc20,0x00000000ee680000)
  to   space 2048K, 0% used [0x00000000ee680000,0x00000000ee680000,0x00000000ee880000)
 ParOldGen       total 38400K, used 1339K [0x00000000c8200000, 0x00000000ca780000, 0x00000000ed600000)
  object space 38400K, 3% used [0x00000000c8200000,0x00000000c834ecb0,0x00000000ca780000)
 Metaspace       used 14019K, capacity 14235K, committed 14464K, reserved 1062912K
  class space    used 1544K, capacity 1633K, committed 1664K, reserved 1048576K
}
Event: 1,729 GC heap before
{Heap before GC invocations=2 (full 0):
 PSYoungGen      total 16896K, used 16879K [0x00000000ed600000, 0x00000000ee880000, 0x0000000100000000)
  eden space 14848K, 100% used [0x00000000ed600000,0x00000000ee480000,0x00000000ee480000)
  from space 2048K, 99% used [0x00000000ee480000,0x00000000ee67bc20,0x00000000ee680000)
  to   space 2048K, 0% used [0x00000000ee680000,0x00000000ee680000,0x00000000ee880000)
 ParOldGen       total 38400K, used 1339K [0x00000000c8200000, 0x00000000ca780000, 0x00000000ed600000)
  object space 38400K, 3% used [0x00000000c8200000,0x00000000c834ecb0,0x00000000ca780000)
 Metaspace       used 19906K, capacity 20109K, committed 20480K, reserved 1067008K
  class space    used 2206K, capacity 2286K, committed 2304K, reserved 1048576K
Event: 1,741 GC heap after
Heap after GC invocations=2 (full 0):
 PSYoungGen      total 16896K, used 2048K [0x00000000ed600000, 0x00000000ef700000, 0x0000000100000000)
  eden space 14848K, 0% used [0x00000000ed600000,0x00000000ed600000,0x00000000ee480000)
  from space 2048K, 100% used [0x00000000ee680000,0x00000000ee880000,0x00000000ee880000)
  to   space 2048K, 0% used [0x00000000ee480000,0x00000000ee480000,0x00000000ee680000)
 ParOldGen       total 38400K, used 7657K [0x00000000c8200000, 0x00000000ca780000, 0x00000000ed600000)
  object space 38400K, 19% used [0x00000000c8200000,0x00000000c897a478,0x00000000ca780000)
 Metaspace       used 19906K, capacity 20109K, committed 20480K, reserved 1067008K
  class space    used 2206K, capacity 2286K, committed 2304K, reserved 1048576K
}

